Unity Editor version:    2020.3.32f1 (12f8b0834f07)
Branch:                  2020.3/staging
Build type:              Release
Batch mode:              YES
macOS version:           Version 12.1 (Build 21C52)
Darwin version:          21.2.0
Architecture:            x86_64
Running under Rosetta:   NO
Available memory:        16384 MB
Using pre-set license
Pro License: NO

COMMAND LINE ARGUMENTS:
/Applications/Unity/Hub/Editor/2020.3.32f1/Unity.app/Contents/MacOS/Unity
-adb2
-batchMode
-noUpm
-name
AssetImportWorker0
-projectPath
/Users/samgoebel/Downloads/CSC250_Spring2022_Unity_Example-main/My project (1)
-logFile
Logs/AssetImportWorker0.log
-srvPort
61885
Successfully changed project path to: /Users/samgoebel/Downloads/CSC250_Spring2022_Unity_Example-main/My project (1)
/Users/samgoebel/Downloads/CSC250_Spring2022_Unity_Example-main/My project (1)
Using Asset Import Pipeline V2.
Refreshing native plugins compatible for Editor in 32.78 ms, found 2 plugins.
Preloading 0 native plugins for Editor in 0.00 ms.
Initialize engine version: 2020.3.32f1 (12f8b0834f07)
[Subsystems] Discovering subsystems at path /Applications/Unity/Hub/Editor/2020.3.32f1/Unity.app/Contents/Resources/UnitySubsystems
[Subsystems] Discovering subsystems at path /Users/samgoebel/Downloads/CSC250_Spring2022_Unity_Example-main/My project (1)/Assets
GfxDevice: creating device client; threaded=0
2022-04-10 23:55:12.480 Unity[15422:4310236] Color LCD preferred device: Intel(R) Iris(TM) Plus Graphics (low power)
2022-04-10 23:55:12.480 Unity[15422:4310236] Metal devices available: 1
2022-04-10 23:55:12.480 Unity[15422:4310236] 0: Intel(R) Iris(TM) Plus Graphics (low power)
2022-04-10 23:55:12.480 Unity[15422:4310236] Using device Intel(R) Iris(TM) Plus Graphics (low power)
Initializing Metal device caps: Intel(R) Iris(TM) Plus Graphics
Initialize mono
Mono path[0] = '/Applications/Unity/Hub/Editor/2020.3.32f1/Unity.app/Contents/Managed'
Mono path[1] = '/Applications/Unity/Hub/Editor/2020.3.32f1/Unity.app/Contents/MonoBleedingEdge/lib/mono/unityjit'
Mono config path = '/Applications/Unity/Hub/Editor/2020.3.32f1/Unity.app/Contents/MonoBleedingEdge/etc'
Using monoOptions --debugger-agent=transport=dt_socket,embedding=1,server=y,suspend=n,address=127.0.0.1:56422
Begin MonoManager ReloadAssembly
Registering precompiled unity dll's ...
Register platform support module: /Applications/Unity/Hub/Editor/2020.3.32f1/PlaybackEngines/WebGLSupport/UnityEditor.WebGL.Extensions.dll
Register platform support module: /Applications/Unity/Hub/Editor/2020.3.32f1/Unity.app/Contents/PlaybackEngines/MacStandaloneSupport/UnityEditor.OSXStandalone.Extensions.dll
Registered in 0.001010 seconds.
Native extension for OSXStandalone target not found
Native extension for WebGL target not found
Refreshing native plugins compatible for Editor in 33.98 ms, found 2 plugins.
Preloading 0 native plugins for Editor in 0.00 ms.
Mono: successfully reloaded assembly
- Completed reload, in  0.644 seconds
Domain Reload Profiling:
	ReloadAssembly (644ms)
		BeginReloadAssembly (47ms)
			ExecutionOrderSort (0ms)
			DisableScriptedObjects (0ms)
			BackupInstance (0ms)
			ReleaseScriptingObjects (0ms)
			CreateAndSetChildDomain (1ms)
		EndReloadAssembly (519ms)
			LoadAssemblies (46ms)
			RebuildTransferFunctionScriptingTraits (0ms)
			SetupTypeCache (182ms)
			ReleaseScriptCaches (0ms)
			RebuildScriptCaches (37ms)
			SetupLoadedEditorAssemblies (208ms)
				LogAssemblyErrors (0ms)
				InitializePlatformSupportModulesInManaged (6ms)
				SetLoadedEditorAssemblies (0ms)
				RefreshPlugins (34ms)
				BeforeProcessingInitializeOnLoad (30ms)
				ProcessInitializeOnLoadAttributes (107ms)
				ProcessInitializeOnLoadMethodAttributes (30ms)
				AfterProcessingInitializeOnLoad (0ms)
				EditorAssembliesLoaded (0ms)
			ExecutionOrderSort2 (0ms)
			AwakeInstancesAfterBackupRestoration (0ms)
Platform modules already initialized, skipping
Registering precompiled user dll's ...
Registered in 0.001154 seconds.
Begin MonoManager ReloadAssembly
Native extension for OSXStandalone target not found
Native extension for WebGL target not found
Refreshing native plugins compatible for Editor in 0.28 ms, found 2 plugins.
Preloading 0 native plugins for Editor in 0.00 ms.
Mono: successfully reloaded assembly
- Completed reload, in  0.972 seconds
Domain Reload Profiling:
	ReloadAssembly (973ms)
		BeginReloadAssembly (136ms)
			ExecutionOrderSort (0ms)
			DisableScriptedObjects (5ms)
			BackupInstance (0ms)
			ReleaseScriptingObjects (0ms)
			CreateAndSetChildDomain (20ms)
		EndReloadAssembly (777ms)
			LoadAssemblies (70ms)
			RebuildTransferFunctionScriptingTraits (0ms)
			SetupTypeCache (279ms)
			ReleaseScriptCaches (0ms)
			RebuildScriptCaches (45ms)
			SetupLoadedEditorAssemblies (286ms)
				LogAssemblyErrors (0ms)
				InitializePlatformSupportModulesInManaged (6ms)
				SetLoadedEditorAssemblies (1ms)
				RefreshPlugins (0ms)
				BeforeProcessingInitializeOnLoad (69ms)
				ProcessInitializeOnLoadAttributes (200ms)
				ProcessInitializeOnLoadMethodAttributes (9ms)
				AfterProcessingInitializeOnLoad (1ms)
				EditorAssembliesLoaded (0ms)
			ExecutionOrderSort2 (0ms)
			AwakeInstancesAfterBackupRestoration (6ms)
Platform modules already initialized, skipping
Validating Project structure ... 0.000329 seconds.
Shader import version has changed; will reimport all shaders...
Upgrading shader files ...0.000352 seconds.
Application.AssetDatabase Initial Script Refresh Start
RefreshInfo: InitialScriptRefreshV2(NoUpdateAssetOptions) scanfilter:  ... 1 filters
RefreshProfiler: Total: 0.000ms
Application.AssetDatabase Initial Script Refresh End
Application.AssetDatabase.Refresh Start
Application.AssetDatabase.Refresh End
RefreshInfo: StopAssetImportingV2(ForceSynchronousImport) scanfilter: 
RefreshProfiler: Total: 0.000ms
Launching external process: /Applications/Unity/Hub/Editor/2020.3.32f1/Unity.app/Contents/Tools/UnityShaderCompiler
Launched and connected shader compiler UnityShaderCompiler after 0.01 seconds
Initializing Unity extensions:
2022-04-10 23:55:14.766 Unity[15422:4310236] NSEventModifierFlagFunction specified to -setKeyEquivalentModifierMask: for item <NSMenuItem: 0x600000190930 Font Asset, ke='Command-F12'>, but is only supported for system-provided menu items; will not be used
2022-04-10 23:55:14.769 Unity[15422:4310236] NSEventModifierFlagFunction specified to -setKeyEquivalentModifierMask: for item <NSMenuItem: 0x6000001e02a0 Font Asset, ke='Command-F12'>, but is only supported for system-provided menu items; will not be used
========================================================================
Worker process is ready to serve import requests
Refreshing native plugins compatible for Editor in 0.30 ms, found 2 plugins.
Preloading 0 native plugins for Editor in 0.00 ms.
Unloading 1514 Unused Serialized files (Serialized files now loaded: 0)
System memory in use before: 177.4 MB.
System memory in use after: 176.6 MB.

Unloading 82 unused Assets to reduce memory usage. Loaded Objects now: 1989.
Total: 2.825532 ms (FindLiveObjects: 0.104569 ms CreateObjectMapping: 0.041315 ms MarkObjects: 2.196529 ms  DeleteObjects: 0.482376 ms)

AssetImportParameters requested are different than current active one (requested -> active):
  custom:video-decoder-ogg-theora: a1e56fd34408186e4bbccfd4996cb3dc -> 
  custom:container-muxer-webm: aa71ff27fc2769a1b78a27578f13a17b -> 
  custom:container-demuxer-webm: 4f35f7cbe854078d1ac9338744f61a02 -> 
  custom:container-demuxer-ogg: 62fdf1f143b41e24485cea50d1cbac27 -> 
  custom:video-encoder-webm-vp8: eb34c28f22e8b96e1ab97ce403110664 -> 
  custom:framework-osx-AVFoundation: e770b220cccbd017edd2c1fefb359320 -> 
  custom:video-decoder-webm-vp8: 9c59270c3fd7afecdb556c50c9e8de78 -> 
  custom:audio-decoder-ogg-vorbis: bf7c407c2cedff20999df2af8eb42d56 -> 
  custom:audio-encoder-webm-vorbis: bf7c407c2cedff20999df2af8eb42d56 -> 
========================================================================
Received Import Request.
  path: Assets/scripts/CORE.cs
  artifactKey: Guid(94cad1a27773e4d5db900c1f8f9f4d52) Importer(815301076,1909f56bfc062723c751e8b465ee728b)
Start importing Assets/scripts/CORE.cs using Guid(94cad1a27773e4d5db900c1f8f9f4d52) Importer(815301076,1909f56bfc062723c751e8b465ee728b)  -> (artifact id: 'a07c5e636c8f11f12f1514d42115cad7') in 1.685215 seconds 
========================================================================
Received Prepare
Refreshing native plugins compatible for Editor in 1.48 ms, found 2 plugins.
Preloading 0 native plugins for Editor in 0.00 ms.
Unloading 9 Unused Serialized files (Serialized files now loaded: 0)
System memory in use before: 149.6 MB.
System memory in use after: 149.8 MB.

Unloading 9 unused Assets to reduce memory usage. Loaded Objects now: 1989.
Total: 3.179314 ms (FindLiveObjects: 0.186610 ms CreateObjectMapping: 0.077398 ms MarkObjects: 2.884127 ms  DeleteObjects: 0.029986 ms)

AssetImportParameters requested are different than current active one (requested -> active):
  custom:video-decoder-ogg-theora: a1e56fd34408186e4bbccfd4996cb3dc -> 
  custom:container-muxer-webm: aa71ff27fc2769a1b78a27578f13a17b -> 
  custom:container-demuxer-webm: 4f35f7cbe854078d1ac9338744f61a02 -> 
  custom:container-demuxer-ogg: 62fdf1f143b41e24485cea50d1cbac27 -> 
  custom:video-encoder-webm-vp8: eb34c28f22e8b96e1ab97ce403110664 -> 
  custom:framework-osx-AVFoundation: e770b220cccbd017edd2c1fefb359320 -> 
  custom:video-decoder-webm-vp8: 9c59270c3fd7afecdb556c50c9e8de78 -> 
  custom:audio-decoder-ogg-vorbis: bf7c407c2cedff20999df2af8eb42d56 -> 
  custom:audio-encoder-webm-vorbis: bf7c407c2cedff20999df2af8eb42d56 -> 
========================================================================
Received Import Request.
  Time since last request: 147.242305 seconds.
  path: Assets/scripts/secondPlayerScript.cs
  artifactKey: Guid(69f32a484922f4279b368cf4eedf831b) Importer(815301076,1909f56bfc062723c751e8b465ee728b)
Start importing Assets/scripts/secondPlayerScript.cs using Guid(69f32a484922f4279b368cf4eedf831b) Importer(815301076,1909f56bfc062723c751e8b465ee728b)  -> (artifact id: '7d2c6a09bba2dff006a3cc226d85ecc4') in 0.002807 seconds 
========================================================================
Received Import Request.
  Time since last request: 1.114577 seconds.
  path: Assets/scripts/roomScript.cs
  artifactKey: Guid(6cdeb41903825404180cd826c67a5ab4) Importer(815301076,1909f56bfc062723c751e8b465ee728b)
Start importing Assets/scripts/roomScript.cs using Guid(6cdeb41903825404180cd826c67a5ab4) Importer(815301076,1909f56bfc062723c751e8b465ee728b)  -> (artifact id: '879f25f96d7067c9db11665e2241322f') in 0.002227 seconds 
========================================================================
Received Import Request.
  Time since last request: 10.497955 seconds.
  path: Assets/scripts/playerScript.cs
  artifactKey: Guid(d0b77227cde1a44a5b63d52015b1d93b) Importer(815301076,1909f56bfc062723c751e8b465ee728b)
Start importing Assets/scripts/playerScript.cs using Guid(d0b77227cde1a44a5b63d52015b1d93b) Importer(815301076,1909f56bfc062723c751e8b465ee728b)  -> (artifact id: 'ff169dce8155171570955f3a4745a478') in 0.002747 seconds 
========================================================================
Received Import Request.
  Time since last request: 1.586904 seconds.
  path: Assets/scripts/Player.cs
  artifactKey: Guid(7b14312a2b74e46e090d35d25dcd744d) Importer(815301076,1909f56bfc062723c751e8b465ee728b)
Start importing Assets/scripts/Player.cs using Guid(7b14312a2b74e46e090d35d25dcd744d) Importer(815301076,1909f56bfc062723c751e8b465ee728b)  -> (artifact id: '602f766d9e93cb84762239f376ebd389') in 0.002306 seconds 
========================================================================
Received Import Request.
  Time since last request: 11.188454 seconds.
  path: Assets/scripts/boxScript.cs
  artifactKey: Guid(820ef913703c54f0387a758b805b3aeb) Importer(815301076,1909f56bfc062723c751e8b465ee728b)
Start importing Assets/scripts/boxScript.cs using Guid(820ef913703c54f0387a758b805b3aeb) Importer(815301076,1909f56bfc062723c751e8b465ee728b)  -> (artifact id: 'f8cbcf2346540e6d1b66643ecfcb8a7e') in 0.002242 seconds 
========================================================================
Received Import Request.
  Time since last request: 875.876418 seconds.
  path: Assets/scripts/CORE.cs
  artifactKey: Guid(94cad1a27773e4d5db900c1f8f9f4d52) Importer(815301076,1909f56bfc062723c751e8b465ee728b)
Start importing Assets/scripts/CORE.cs using Guid(94cad1a27773e4d5db900c1f8f9f4d52) Importer(815301076,1909f56bfc062723c751e8b465ee728b)  -> (artifact id: 'c3fe19e143014a65e63f8b8d07d1386e') in 0.002534 seconds 
AssetImportWorkerClient::OnTransportError - code=2 error=End of file
